{
  "stats": {
    "suites": 25,
    "tests": 131,
    "passes": 129,
    "pending": 0,
    "failures": 2,
    "start": "2023-02-02T08:32:30.667Z",
    "end": "2023-02-02T08:36:06.164Z",
    "duration": 116439,
    "testsRegistered": 131,
    "passPercent": 98.47328244274809,
    "pendingPercent": 0,
    "other": 0,
    "hasOther": false,
    "skipped": 0,
    "hasSkipped": false
  },
  "results": [
    {
      "uuid": "b1ecabd0-63eb-4cb7-96a6-4bbaebe682db",
      "title": "",
      "fullFile": "cypress/e2e/1-getting-started/todo.cy.js",
      "file": "cypress/e2e/1-getting-started/todo.cy.js",
      "beforeHooks": [],
      "afterHooks": [],
      "tests": [],
      "suites": [
        {
          "uuid": "4b1c82ce-140e-4c79-a678-68d66b934220",
          "title": "example to-do app",
          "fullFile": "",
          "file": "",
          "beforeHooks": [],
          "afterHooks": [],
          "tests": [
            {
              "title": "displays two todo items by default",
              "fullTitle": "example to-do app displays two todo items by default",
              "timedOut": null,
              "duration": 1271,
              "state": "passed",
              "speed": "fast",
              "pass": true,
              "fail": false,
              "pending": false,
              "context": null,
              "code": "// We use the `cy.get()` command to get all elements that match the selector.\n// Then, we use `should` to assert that there are two matched items,\n// which are the two default items.\ncy.get('.todo-list li').should('have.length', 2);\n// We can go even further and check that the default todos each contain\n// the correct text. We use the `first` and `last` functions\n// to get just the first and last matched elements individually,\n// and then perform an assertion with `should`.\ncy.get('.todo-list li').first().should('have.text', 'Pay electric bill');\ncy.get('.todo-list li').last().should('have.text', 'Walk the dog');",
              "err": {},
              "uuid": "70a7d7a9-693f-46f5-a63e-3982871fa1a0",
              "parentUUID": "4b1c82ce-140e-4c79-a678-68d66b934220",
              "isHook": false,
              "skipped": false
            },
            {
              "title": "can add new todo items",
              "fullTitle": "example to-do app can add new todo items",
              "timedOut": null,
              "duration": 634,
              "state": "passed",
              "speed": "fast",
              "pass": true,
              "fail": false,
              "pending": false,
              "context": null,
              "code": "// We'll store our item text in a variable so we can reuse it\nvar newItem = 'Feed the cat';\n// Let's get the input element and use the `type` command to\n// input our new list item. After typing the content of our item,\n// we need to type the enter key as well in order to submit the input.\n// This input has a data-test attribute so we'll use that to select the\n// element in accordance with best practices:\n// https://on.cypress.io/selecting-elements\ncy.get('[data-test=new-todo]').type(\"\".concat(newItem, \"{enter}\"));\n// Now that we've typed our new item, let's check that it actually was added to the list.\n// Since it's the newest item, it should exist as the last element in the list.\n// In addition, with the two default items, we should have a total of 3 elements in the list.\n// Since assertions yield the element that was asserted on,\n// we can chain both of these assertions together into a single statement.\ncy.get('.todo-list li').should('have.length', 3).last().should('have.text', newItem);",
              "err": {},
              "uuid": "789ae856-ddfe-459e-b541-c1d0ab05dce7",
              "parentUUID": "4b1c82ce-140e-4c79-a678-68d66b934220",
              "isHook": false,
              "skipped": false
            },
            {
              "title": "can check off an item as completed",
              "fullTitle": "example to-do app can check off an item as completed",
              "timedOut": null,
              "duration": 553,
              "state": "passed",
              "speed": "fast",
              "pass": true,
              "fail": false,
              "pending": false,
              "context": null,
              "code": "// In addition to using the `get` command to get an element by selector,\n// we can also use the `contains` command to get an element by its contents.\n// However, this will yield the <label>, which is lowest-level element that contains the text.\n// In order to check the item, we'll find the <input> element for this <label>\n// by traversing up the dom to the parent element. From there, we can `find`\n// the child checkbox <input> element and use the `check` command to check it.\ncy.contains('Pay electric bill').parent().find('input[type=checkbox]').check();\n// Now that we've checked the button, we can go ahead and make sure\n// that the list element is now marked as completed.\n// Again we'll use `contains` to find the <label> element and then use the `parents` command\n// to traverse multiple levels up the dom until we find the corresponding <li> element.\n// Once we get that element, we can assert that it has the completed class.\ncy.contains('Pay electric bill').parents('li').should('have.class', 'completed');",
              "err": {},
              "uuid": "ca4a1763-2bb0-4bfe-9165-64927ad0a0a5",
              "parentUUID": "4b1c82ce-140e-4c79-a678-68d66b934220",
              "isHook": false,
              "skipped": false
            }
          ],
          "suites": [
            {
              "uuid": "4b1ca4c2-d030-4165-b692-86539af76383",
              "title": "with a checked task",
              "fullFile": "",
              "file": "",
              "beforeHooks": [],
              "afterHooks": [],
              "tests": [
                {
                  "title": "can filter for uncompleted tasks",
                  "fullTitle": "example to-do app with a checked task can filter for uncompleted tasks",
                  "timedOut": null,
                  "duration": 621,
                  "state": "passed",
                  "speed": "fast",
                  "pass": true,
                  "fail": false,
                  "pending": false,
                  "context": null,
                  "code": "// We'll click on the \"active\" button in order to\n// display only incomplete items\ncy.contains('Active').click();\n// After filtering, we can assert that there is only the one\n// incomplete item in the list.\ncy.get('.todo-list li').should('have.length', 1).first().should('have.text', 'Walk the dog');\n// For good measure, let's also assert that the task we checked off\n// does not exist on the page.\ncy.contains('Pay electric bill').should('not.exist');",
                  "err": {},
                  "uuid": "958be071-62d2-4e89-83f7-2d9c671c0a6b",
                  "parentUUID": "4b1ca4c2-d030-4165-b692-86539af76383",
                  "isHook": false,
                  "skipped": false
                },
                {
                  "title": "can filter for completed tasks",
                  "fullTitle": "example to-do app with a checked task can filter for completed tasks",
                  "timedOut": null,
                  "duration": 561,
                  "state": "passed",
                  "speed": "fast",
                  "pass": true,
                  "fail": false,
                  "pending": false,
                  "context": null,
                  "code": "// We can perform similar steps as the test above to ensure\n// that only completed tasks are shown\ncy.contains('Completed').click();\ncy.get('.todo-list li').should('have.length', 1).first().should('have.text', 'Pay electric bill');\ncy.contains('Walk the dog').should('not.exist');",
                  "err": {},
                  "uuid": "97e7a992-f099-4b0c-a197-92d28cc77fc2",
                  "parentUUID": "4b1ca4c2-d030-4165-b692-86539af76383",
                  "isHook": false,
                  "skipped": false
                },
                {
                  "title": "can delete all completed tasks",
                  "fullTitle": "example to-do app with a checked task can delete all completed tasks",
                  "timedOut": null,
                  "duration": 484,
                  "state": "passed",
                  "speed": "fast",
                  "pass": true,
                  "fail": false,
                  "pending": false,
                  "context": null,
                  "code": "// First, let's click the \"Clear completed\" button\n// `contains` is actually serving two purposes here.\n// First, it's ensuring that the button exists within the dom.\n// This button only appears when at least one task is checked\n// so this command is implicitly verifying that it does exist.\n// Second, it selects the button so we can click it.\ncy.contains('Clear completed').click();\n// Then we can make sure that there is only one element\n// in the list and our element does not exist\ncy.get('.todo-list li').should('have.length', 1).should('not.have.text', 'Pay electric bill');\n// Finally, make sure that the clear button no longer exists.\ncy.contains('Clear completed').should('not.exist');",
                  "err": {},
                  "uuid": "6181aede-041c-48de-a855-f63e8bc7159e",
                  "parentUUID": "4b1ca4c2-d030-4165-b692-86539af76383",
                  "isHook": false,
                  "skipped": false
                }
              ],
              "suites": [],
              "passes": [
                "958be071-62d2-4e89-83f7-2d9c671c0a6b",
                "97e7a992-f099-4b0c-a197-92d28cc77fc2",
                "6181aede-041c-48de-a855-f63e8bc7159e"
              ],
              "failures": [],
              "pending": [],
              "skipped": [],
              "duration": 1666,
              "root": false,
              "rootEmpty": false,
              "_timeout": 2000
            }
          ],
          "passes": [
            "70a7d7a9-693f-46f5-a63e-3982871fa1a0",
            "789ae856-ddfe-459e-b541-c1d0ab05dce7",
            "ca4a1763-2bb0-4bfe-9165-64927ad0a0a5"
          ],
          "failures": [],
          "pending": [],
          "skipped": [],
          "duration": 2458,
          "root": false,
          "rootEmpty": false,
          "_timeout": 2000
        }
      ],
      "passes": [],
      "failures": [],
      "pending": [],
      "skipped": [],
      "duration": 0,
      "root": true,
      "rootEmpty": true,
      "_timeout": 2000
    },
    {
      "uuid": "45da70e6-0938-466e-b08f-422354d5837c",
      "title": "",
      "fullFile": "cypress/e2e/2-advanced-examples/actions.cy.js",
      "file": "cypress/e2e/2-advanced-examples/actions.cy.js",
      "beforeHooks": [],
      "afterHooks": [],
      "tests": [],
      "suites": [
        {
          "uuid": "de700504-9faf-441d-9f91-27c94a94f704",
          "title": "Actions",
          "fullFile": "",
          "file": "",
          "beforeHooks": [],
          "afterHooks": [],
          "tests": [
            {
              "title": ".type() - type into a DOM element",
              "fullTitle": "Actions .type() - type into a DOM element",
              "timedOut": null,
              "duration": 5112,
              "state": "passed",
              "speed": "medium",
              "pass": true,
              "fail": false,
              "pending": false,
              "context": null,
              "code": "// https://on.cypress.io/type\ncy.get('.action-email').type('fake@email.com').should('have.value', 'fake@email.com')\n// .type() with special character sequences\n.type('{leftarrow}{rightarrow}{uparrow}{downarrow}').type('{del}{selectall}{backspace}')\n// .type() with key modifiers\n.type('{alt}{option}') //these are equivalent\n.type('{ctrl}{control}') //these are equivalent\n.type('{meta}{command}{cmd}') //these are equivalent\n.type('{shift}')\n// Delay each keypress by 0.1 sec\n.type('slow.typing@email.com', {\n  delay: 100\n}).should('have.value', 'slow.typing@email.com');\ncy.get('.action-disabled')\n// Ignore error checking prior to type\n// like whether the input is visible or disabled\n.type('disabled error checking', {\n  force: true\n}).should('have.value', 'disabled error checking');",
              "err": {},
              "uuid": "c6f3007c-7dc9-4826-85d5-fbc6fbb21308",
              "parentUUID": "de700504-9faf-441d-9f91-27c94a94f704",
              "isHook": false,
              "skipped": false
            },
            {
              "title": ".focus() - focus on a DOM element",
              "fullTitle": "Actions .focus() - focus on a DOM element",
              "timedOut": null,
              "duration": 490,
              "state": "passed",
              "speed": "fast",
              "pass": true,
              "fail": false,
              "pending": false,
              "context": null,
              "code": "// https://on.cypress.io/focus\ncy.get('.action-focus').focus().should('have.class', 'focus').prev().should('have.attr', 'style', 'color: orange;');",
              "err": {},
              "uuid": "19a086de-5eeb-42c4-bce8-dd499954ccb8",
              "parentUUID": "de700504-9faf-441d-9f91-27c94a94f704",
              "isHook": false,
              "skipped": false
            },
            {
              "title": ".blur() - blur off a DOM element",
              "fullTitle": "Actions .blur() - blur off a DOM element",
              "timedOut": null,
              "duration": 810,
              "state": "passed",
              "speed": "fast",
              "pass": true,
              "fail": false,
              "pending": false,
              "context": null,
              "code": "// https://on.cypress.io/blur\ncy.get('.action-blur').type('About to blur').blur().should('have.class', 'error').prev().should('have.attr', 'style', 'color: red;');",
              "err": {},
              "uuid": "2d74fae0-229c-425e-9640-21ceb249fb47",
              "parentUUID": "de700504-9faf-441d-9f91-27c94a94f704",
              "isHook": false,
              "skipped": false
            },
            {
              "title": ".clear() - clears an input or textarea element",
              "fullTitle": "Actions .clear() - clears an input or textarea element",
              "timedOut": null,
              "duration": 1057,
              "state": "passed",
              "speed": "fast",
              "pass": true,
              "fail": false,
              "pending": false,
              "context": null,
              "code": "// https://on.cypress.io/clear\ncy.get('.action-clear').type('Clear this text').should('have.value', 'Clear this text').clear().should('have.value', '');",
              "err": {},
              "uuid": "5b25b302-c16b-40cf-b5f0-45e60fa490b6",
              "parentUUID": "de700504-9faf-441d-9f91-27c94a94f704",
              "isHook": false,
              "skipped": false
            },
            {
              "title": ".submit() - submit a form",
              "fullTitle": "Actions .submit() - submit a form",
              "timedOut": null,
              "duration": 692,
              "state": "passed",
              "speed": "fast",
              "pass": true,
              "fail": false,
              "pending": false,
              "context": null,
              "code": "// https://on.cypress.io/submit\ncy.get('.action-form').find('[type=\"text\"]').type('HALFOFF');\ncy.get('.action-form').submit().next().should('contain', 'Your form has been submitted!');",
              "err": {},
              "uuid": "a84209dc-a082-4e93-a8ce-c463c1e54e91",
              "parentUUID": "de700504-9faf-441d-9f91-27c94a94f704",
              "isHook": false,
              "skipped": false
            },
            {
              "title": ".click() - click on a DOM element",
              "fullTitle": "Actions .click() - click on a DOM element",
              "timedOut": null,
              "duration": 3454,
              "state": "passed",
              "speed": "fast",
              "pass": true,
              "fail": false,
              "pending": false,
              "context": null,
              "code": "// https://on.cypress.io/click\ncy.get('.action-btn').click();\n// You can click on 9 specific positions of an element:\n//  -----------------------------------\n// | topLeft        top       topRight |\n// |                                   |\n// |                                   |\n// |                                   |\n// | left          center        right |\n// |                                   |\n// |                                   |\n// |                                   |\n// | bottomLeft   bottom   bottomRight |\n//  -----------------------------------\n// clicking in the center of the element is the default\ncy.get('#action-canvas').click();\ncy.get('#action-canvas').click('topLeft');\ncy.get('#action-canvas').click('top');\ncy.get('#action-canvas').click('topRight');\ncy.get('#action-canvas').click('left');\ncy.get('#action-canvas').click('right');\ncy.get('#action-canvas').click('bottomLeft');\ncy.get('#action-canvas').click('bottom');\ncy.get('#action-canvas').click('bottomRight');\n// .click() accepts an x and y coordinate\n// that controls where the click occurs :)\ncy.get('#action-canvas').click(80, 75) // click 80px on x coord and 75px on y coord\n.click(170, 75).click(80, 165).click(100, 185).click(125, 190).click(150, 185).click(170, 165);\n// click multiple elements by passing multiple: true\ncy.get('.action-labels>.label').click({\n  multiple: true\n});\n// Ignore error checking prior to clicking\ncy.get('.action-opacity>.btn').click({\n  force: true\n});",
              "err": {},
              "uuid": "17b9c999-36ff-4a51-b680-f5b2a2cad260",
              "parentUUID": "de700504-9faf-441d-9f91-27c94a94f704",
              "isHook": false,
              "skipped": false
            },
            {
              "title": ".dblclick() - double click on a DOM element",
              "fullTitle": "Actions .dblclick() - double click on a DOM element",
              "timedOut": null,
              "duration": 447,
              "state": "passed",
              "speed": "fast",
              "pass": true,
              "fail": false,
              "pending": false,
              "context": null,
              "code": "// https://on.cypress.io/dblclick\n// Our app has a listener on 'dblclick' event in our 'scripts.js'\n// that hides the div and shows an input on double click\ncy.get('.action-div').dblclick().should('not.be.visible');\ncy.get('.action-input-hidden').should('be.visible');",
              "err": {},
              "uuid": "d3423bc7-968c-481f-97d2-d28ca4322ed9",
              "parentUUID": "de700504-9faf-441d-9f91-27c94a94f704",
              "isHook": false,
              "skipped": false
            },
            {
              "title": ".rightclick() - right click on a DOM element",
              "fullTitle": "Actions .rightclick() - right click on a DOM element",
              "timedOut": null,
              "duration": 464,
              "state": "passed",
              "speed": "fast",
              "pass": true,
              "fail": false,
              "pending": false,
              "context": null,
              "code": "// https://on.cypress.io/rightclick\n// Our app has a listener on 'contextmenu' event in our 'scripts.js'\n// that hides the div and shows an input on right click\ncy.get('.rightclick-action-div').rightclick().should('not.be.visible');\ncy.get('.rightclick-action-input-hidden').should('be.visible');",
              "err": {},
              "uuid": "21e4ecd6-8e14-49ea-a166-64a91f8955d5",
              "parentUUID": "de700504-9faf-441d-9f91-27c94a94f704",
              "isHook": false,
              "skipped": false
            },
            {
              "title": ".check() - check a checkbox or radio element",
              "fullTitle": "Actions .check() - check a checkbox or radio element",
              "timedOut": null,
              "duration": 1443,
              "state": "passed",
              "speed": "fast",
              "pass": true,
              "fail": false,
              "pending": false,
              "context": null,
              "code": "// https://on.cypress.io/check\n// By default, .check() will check all\n// matching checkbox or radio elements in succession, one after another\ncy.get('.action-checkboxes [type=\"checkbox\"]').not('[disabled]').check().should('be.checked');\ncy.get('.action-radios [type=\"radio\"]').not('[disabled]').check().should('be.checked');\n// .check() accepts a value argument\ncy.get('.action-radios [type=\"radio\"]').check('radio1').should('be.checked');\n// .check() accepts an array of values\ncy.get('.action-multiple-checkboxes [type=\"checkbox\"]').check(['checkbox1', 'checkbox2']).should('be.checked');\n// Ignore error checking prior to checking\ncy.get('.action-checkboxes [disabled]').check({\n  force: true\n}).should('be.checked');\ncy.get('.action-radios [type=\"radio\"]').check('radio3', {\n  force: true\n}).should('be.checked');",
              "err": {},
              "uuid": "868c9a2a-f51b-4058-8a6e-82928b38cfe1",
              "parentUUID": "de700504-9faf-441d-9f91-27c94a94f704",
              "isHook": false,
              "skipped": false
            },
            {
              "title": ".uncheck() - uncheck a checkbox element",
              "fullTitle": "Actions .uncheck() - uncheck a checkbox element",
              "timedOut": null,
              "duration": 1542,
              "state": "passed",
              "speed": "fast",
              "pass": true,
              "fail": false,
              "pending": false,
              "context": null,
              "code": "// https://on.cypress.io/uncheck\n// By default, .uncheck() will uncheck all matching\n// checkbox elements in succession, one after another\ncy.get('.action-check [type=\"checkbox\"]').not('[disabled]').uncheck().should('not.be.checked');\n// .uncheck() accepts a value argument\ncy.get('.action-check [type=\"checkbox\"]').check('checkbox1').uncheck('checkbox1').should('not.be.checked');\n// .uncheck() accepts an array of values\ncy.get('.action-check [type=\"checkbox\"]').check(['checkbox1', 'checkbox3']).uncheck(['checkbox1', 'checkbox3']).should('not.be.checked');\n// Ignore error checking prior to unchecking\ncy.get('.action-check [disabled]').uncheck({\n  force: true\n}).should('not.be.checked');",
              "err": {},
              "uuid": "868b19d0-ed2e-433a-a9be-ec2507c3b332",
              "parentUUID": "de700504-9faf-441d-9f91-27c94a94f704",
              "isHook": false,
              "skipped": false
            },
            {
              "title": ".select() - select an option in a <select> element",
              "fullTitle": "Actions .select() - select an option in a <select> element",
              "timedOut": null,
              "duration": 1353,
              "state": "passed",
              "speed": "fast",
              "pass": true,
              "fail": false,
              "pending": false,
              "context": null,
              "code": "// https://on.cypress.io/select\n// at first, no option should be selected\ncy.get('.action-select').should('have.value', '--Select a fruit--');\n// Select option(s) with matching text content\ncy.get('.action-select').select('apples');\n// confirm the apples were selected\n// note that each value starts with \"fr-\" in our HTML\ncy.get('.action-select').should('have.value', 'fr-apples');\ncy.get('.action-select-multiple').select(['apples', 'oranges', 'bananas'])\n// when getting multiple values, invoke \"val\" method first\n.invoke('val').should('deep.equal', ['fr-apples', 'fr-oranges', 'fr-bananas']);\n// Select option(s) with matching value\ncy.get('.action-select').select('fr-bananas')\n// can attach an assertion right away to the element\n.should('have.value', 'fr-bananas');\ncy.get('.action-select-multiple').select(['fr-apples', 'fr-oranges', 'fr-bananas']).invoke('val').should('deep.equal', ['fr-apples', 'fr-oranges', 'fr-bananas']);\n// assert the selected values include oranges\ncy.get('.action-select-multiple').invoke('val').should('include', 'fr-oranges');",
              "err": {},
              "uuid": "6f89f7ae-1f62-4162-a941-bb6568dde98f",
              "parentUUID": "de700504-9faf-441d-9f91-27c94a94f704",
              "isHook": false,
              "skipped": false
            },
            {
              "title": ".scrollIntoView() - scroll an element into view",
              "fullTitle": "Actions .scrollIntoView() - scroll an element into view",
              "timedOut": null,
              "duration": 374,
              "state": "passed",
              "speed": "fast",
              "pass": true,
              "fail": false,
              "pending": false,
              "context": null,
              "code": "// https://on.cypress.io/scrollintoview\n// normally all of these buttons are hidden,\n// because they're not within\n// the viewable area of their parent\n// (we need to scroll to see them)\ncy.get('#scroll-horizontal button').should('not.be.visible');\n// scroll the button into view, as if the user had scrolled\ncy.get('#scroll-horizontal button').scrollIntoView().should('be.visible');\ncy.get('#scroll-vertical button').should('not.be.visible');\n// Cypress handles the scroll direction needed\ncy.get('#scroll-vertical button').scrollIntoView().should('be.visible');\ncy.get('#scroll-both button').should('not.be.visible');\n// Cypress knows to scroll to the right and down\ncy.get('#scroll-both button').scrollIntoView().should('be.visible');",
              "err": {},
              "uuid": "f5305ba3-e049-4614-9280-4a0c1387f8cc",
              "parentUUID": "de700504-9faf-441d-9f91-27c94a94f704",
              "isHook": false,
              "skipped": false
            },
            {
              "title": ".trigger() - trigger an event on a DOM element",
              "fullTitle": "Actions .trigger() - trigger an event on a DOM element",
              "timedOut": null,
              "duration": 384,
              "state": "passed",
              "speed": "fast",
              "pass": true,
              "fail": false,
              "pending": false,
              "context": null,
              "code": "// https://on.cypress.io/trigger\n// To interact with a range input (slider)\n// we need to set its value & trigger the\n// event to signal it changed\n// Here, we invoke jQuery's val() method to set\n// the value and trigger the 'change' event\ncy.get('.trigger-input-range').invoke('val', 25).trigger('change').get('input[type=range]').siblings('p').should('have.text', '25');",
              "err": {},
              "uuid": "6e03115d-0f96-4d52-8bc3-4dcd6f7b538a",
              "parentUUID": "de700504-9faf-441d-9f91-27c94a94f704",
              "isHook": false,
              "skipped": false
            },
            {
              "title": "cy.scrollTo() - scroll the window or element to a position",
              "fullTitle": "Actions cy.scrollTo() - scroll the window or element to a position",
              "timedOut": null,
              "duration": 2273,
              "state": "passed",
              "speed": "fast",
              "pass": true,
              "fail": false,
              "pending": false,
              "context": null,
              "code": "// https://on.cypress.io/scrollto\n// You can scroll to 9 specific positions of an element:\n//  -----------------------------------\n// | topLeft        top       topRight |\n// |                                   |\n// |                                   |\n// |                                   |\n// | left          center        right |\n// |                                   |\n// |                                   |\n// |                                   |\n// | bottomLeft   bottom   bottomRight |\n//  -----------------------------------\n// if you chain .scrollTo() off of cy, we will\n// scroll the entire window\ncy.scrollTo('bottom');\ncy.get('#scrollable-horizontal').scrollTo('right');\n// or you can scroll to a specific coordinate:\n// (x axis, y axis) in pixels\ncy.get('#scrollable-vertical').scrollTo(250, 250);\n// or you can scroll to a specific percentage\n// of the (width, height) of the element\ncy.get('#scrollable-both').scrollTo('75%', '25%');\n// control the easing of the scroll (default is 'swing')\ncy.get('#scrollable-vertical').scrollTo('center', {\n  easing: 'linear'\n});\n// control the duration of the scroll (in ms)\ncy.get('#scrollable-both').scrollTo('center', {\n  duration: 2000\n});",
              "err": {},
              "uuid": "e58c010a-2216-4179-9337-40c6c6d3aafa",
              "parentUUID": "de700504-9faf-441d-9f91-27c94a94f704",
              "isHook": false,
              "skipped": false
            }
          ],
          "suites": [],
          "passes": [
            "c6f3007c-7dc9-4826-85d5-fbc6fbb21308",
            "19a086de-5eeb-42c4-bce8-dd499954ccb8",
            "2d74fae0-229c-425e-9640-21ceb249fb47",
            "5b25b302-c16b-40cf-b5f0-45e60fa490b6",
            "a84209dc-a082-4e93-a8ce-c463c1e54e91",
            "17b9c999-36ff-4a51-b680-f5b2a2cad260",
            "d3423bc7-968c-481f-97d2-d28ca4322ed9",
            "21e4ecd6-8e14-49ea-a166-64a91f8955d5",
            "868c9a2a-f51b-4058-8a6e-82928b38cfe1",
            "868b19d0-ed2e-433a-a9be-ec2507c3b332",
            "6f89f7ae-1f62-4162-a941-bb6568dde98f",
            "f5305ba3-e049-4614-9280-4a0c1387f8cc",
            "6e03115d-0f96-4d52-8bc3-4dcd6f7b538a",
            "e58c010a-2216-4179-9337-40c6c6d3aafa"
          ],
          "failures": [],
          "pending": [],
          "skipped": [],
          "duration": 19895,
          "root": false,
          "rootEmpty": false,
          "_timeout": 2000
        }
      ],
      "passes": [],
      "failures": [],
      "pending": [],
      "skipped": [],
      "duration": 0,
      "root": true,
      "rootEmpty": true,
      "_timeout": 2000
    },
    {
      "uuid": "4e928019-d417-4322-888a-d9c91033cfe6",
      "title": "",
      "fullFile": "cypress/e2e/2-advanced-examples/aliasing.cy.js",
      "file": "cypress/e2e/2-advanced-examples/aliasing.cy.js",
      "beforeHooks": [],
      "afterHooks": [],
      "tests": [],
      "suites": [
        {
          "uuid": "f5b1b4a2-bf77-47dc-bd55-24c31286cec7",
          "title": "Aliasing",
          "fullFile": "",
          "file": "",
          "beforeHooks": [],
          "afterHooks": [],
          "tests": [
            {
              "title": ".as() - alias a DOM element for later use",
              "fullTitle": "Aliasing .as() - alias a DOM element for later use",
              "timedOut": null,
              "duration": 880,
              "state": "passed",
              "speed": "fast",
              "pass": true,
              "fail": false,
              "pending": false,
              "context": null,
              "code": "// https://on.cypress.io/as\n// Alias a DOM element for use later\n// We don't have to traverse to the element\n// later in our code, we reference it with @\ncy.get('.as-table').find('tbody>tr').first().find('td').first().find('button').as('firstBtn');\n// when we reference the alias, we place an\n// @ in front of its name\ncy.get('@firstBtn').click();\ncy.get('@firstBtn').should('have.class', 'btn-success').and('contain', 'Changed');",
              "err": {},
              "uuid": "53f1cf71-694d-4f88-86b4-9fdacd2ff4d7",
              "parentUUID": "f5b1b4a2-bf77-47dc-bd55-24c31286cec7",
              "isHook": false,
              "skipped": false
            },
            {
              "title": ".as() - alias a route for later use",
              "fullTitle": "Aliasing .as() - alias a route for later use",
              "timedOut": null,
              "duration": 763,
              "state": "passed",
              "speed": "fast",
              "pass": true,
              "fail": false,
              "pending": false,
              "context": null,
              "code": "// Alias the route to wait for its response\ncy.intercept('GET', '**/comments/*').as('getComment');\n// we have code that gets a comment when\n// the button is clicked in scripts.js\ncy.get('.network-btn').click();\n// https://on.cypress.io/wait\ncy.wait('@getComment').its('response.statusCode').should('eq', 200);",
              "err": {},
              "uuid": "373a55bb-04ca-4a06-85f4-3a7f46c4af55",
              "parentUUID": "f5b1b4a2-bf77-47dc-bd55-24c31286cec7",
              "isHook": false,
              "skipped": false
            }
          ],
          "suites": [],
          "passes": [
            "53f1cf71-694d-4f88-86b4-9fdacd2ff4d7",
            "373a55bb-04ca-4a06-85f4-3a7f46c4af55"
          ],
          "failures": [],
          "pending": [],
          "skipped": [],
          "duration": 1643,
          "root": false,
          "rootEmpty": false,
          "_timeout": 2000
        }
      ],
      "passes": [],
      "failures": [],
      "pending": [],
      "skipped": [],
      "duration": 0,
      "root": true,
      "rootEmpty": true,
      "_timeout": 2000
    },
    {
      "uuid": "871dfbee-3e42-40f3-908c-cd322ebfc9d0",
      "title": "",
      "fullFile": "cypress/e2e/2-advanced-examples/assertions.cy.js",
      "file": "cypress/e2e/2-advanced-examples/assertions.cy.js",
      "beforeHooks": [],
      "afterHooks": [],
      "tests": [],
      "suites": [
        {
          "uuid": "163d53dd-3afe-45d8-a8e0-db42412ce1f3",
          "title": "Assertions",
          "fullFile": "",
          "file": "",
          "beforeHooks": [],
          "afterHooks": [],
          "tests": [],
          "suites": [
            {
              "uuid": "b4ab7008-5229-4d62-a281-3930875e22b3",
              "title": "Implicit Assertions",
              "fullFile": "",
              "file": "",
              "beforeHooks": [],
              "afterHooks": [],
              "tests": [
                {
                  "title": ".should() - make an assertion about the current subject",
                  "fullTitle": "Assertions Implicit Assertions .should() - make an assertion about the current subject",
                  "timedOut": null,
                  "duration": 786,
                  "state": "passed",
                  "speed": "fast",
                  "pass": true,
                  "fail": false,
                  "pending": false,
                  "context": null,
                  "code": "// https://on.cypress.io/should\ncy.get('.assertion-table').find('tbody tr:last').should('have.class', 'success').find('td').first()\n// checking the text of the <td> element in various ways\n.should('have.text', 'Column content').should('contain', 'Column content').should('have.html', 'Column content')\n// chai-jquery uses \"is()\" to check if element matches selector\n.should('match', 'td')\n// to match text content against a regular expression\n// first need to invoke jQuery method text()\n// and then match using regular expression\n.invoke('text').should('match', /column content/i);\n// a better way to check element's text content against a regular expression\n// is to use \"cy.contains\"\n// https://on.cypress.io/contains\ncy.get('.assertion-table').find('tbody tr:last')\n// finds first <td> element with text content matching regular expression\n.contains('td', /column content/i).should('be.visible');\n// for more information about asserting element's text\n// see https://on.cypress.io/using-cypress-faq#How-do-I-get-an-element’s-text-contents",
                  "err": {},
                  "uuid": "0c2e148f-43c7-44ff-873a-66b95645a9b9",
                  "parentUUID": "b4ab7008-5229-4d62-a281-3930875e22b3",
                  "isHook": false,
                  "skipped": false
                },
                {
                  "title": ".and() - chain multiple assertions together",
                  "fullTitle": "Assertions Implicit Assertions .and() - chain multiple assertions together",
                  "timedOut": null,
                  "duration": 237,
                  "state": "passed",
                  "speed": "fast",
                  "pass": true,
                  "fail": false,
                  "pending": false,
                  "context": null,
                  "code": "// https://on.cypress.io/and\ncy.get('.assertions-link').should('have.class', 'active').and('have.attr', 'href').and('include', 'cypress.io');",
                  "err": {},
                  "uuid": "d74dc02d-d1ef-4eb9-af28-3d7e74695cb3",
                  "parentUUID": "b4ab7008-5229-4d62-a281-3930875e22b3",
                  "isHook": false,
                  "skipped": false
                }
              ],
              "suites": [],
              "passes": [
                "0c2e148f-43c7-44ff-873a-66b95645a9b9",
                "d74dc02d-d1ef-4eb9-af28-3d7e74695cb3"
              ],
              "failures": [],
              "pending": [],
              "skipped": [],
              "duration": 1023,
              "root": false,
              "rootEmpty": false,
              "_timeout": 2000
            },
            {
              "uuid": "236e26e3-7bac-4938-b91d-50dbb473ab5b",
              "title": "Explicit Assertions",
              "fullFile": "",
              "file": "",
              "beforeHooks": [],
              "afterHooks": [],
              "tests": [
                {
                  "title": "expect - make an assertion about a specified subject",
                  "fullTitle": "Assertions Explicit Assertions expect - make an assertion about a specified subject",
                  "timedOut": null,
                  "duration": 265,
                  "state": "passed",
                  "speed": "fast",
                  "pass": true,
                  "fail": false,
                  "pending": false,
                  "context": null,
                  "code": "// We can use Chai's BDD style assertions\nexpect(true).to.be[\"true\"];\nvar o = {\n  foo: 'bar'\n};\nexpect(o).to.equal(o);\nexpect(o).to.deep.equal({\n  foo: 'bar'\n});\n// matching text using regular expression\nexpect('FooBar').to.match(/bar$/i);",
                  "err": {},
                  "uuid": "3feb737d-08ff-4a9f-b600-4f0447740208",
                  "parentUUID": "236e26e3-7bac-4938-b91d-50dbb473ab5b",
                  "isHook": false,
                  "skipped": false
                },
                {
                  "title": "pass your own callback function to should()",
                  "fullTitle": "Assertions Explicit Assertions pass your own callback function to should()",
                  "timedOut": null,
                  "duration": 214,
                  "state": "passed",
                  "speed": "fast",
                  "pass": true,
                  "fail": false,
                  "pending": false,
                  "context": null,
                  "code": "// Pass a function to should that can have any number\n// of explicit assertions within it.\n// The \".should(cb)\" function will be retried\n// automatically until it passes all your explicit assertions or times out.\ncy.get('.assertions-p').find('p').should(function ($p) {\n  // https://on.cypress.io/$\n  // return an array of texts from all of the p's\n  var texts = $p.map(function (i, el) {\n    return Cypress.$(el).text();\n  });\n  // jquery map returns jquery object\n  // and .get() convert this to simple array\n  var paragraphs = texts.get();\n  // array should have length of 3\n  expect(paragraphs, 'has 3 paragraphs').to.have.length(3);\n  // use second argument to expect(...) to provide clear\n  // message with each assertion\n  expect(paragraphs, 'has expected text in each paragraph').to.deep.eq(['Some text from first p', 'More text from second p', 'And even more text from third p']);\n});",
                  "err": {},
                  "uuid": "6c091d10-8453-4b3e-931b-42eeaf5edc7f",
                  "parentUUID": "236e26e3-7bac-4938-b91d-50dbb473ab5b",
                  "isHook": false,
                  "skipped": false
                },
                {
                  "title": "finds element by class name regex",
                  "fullTitle": "Assertions Explicit Assertions finds element by class name regex",
                  "timedOut": null,
                  "duration": 212,
                  "state": "passed",
                  "speed": "fast",
                  "pass": true,
                  "fail": false,
                  "pending": false,
                  "context": null,
                  "code": "cy.get('.docs-header').find('div')\n// .should(cb) callback function will be retried\n.should(function ($div) {\n  expect($div).to.have.length(1);\n  var className = $div[0].className;\n  expect(className).to.match(/heading-/);\n})\n// .then(cb) callback is not retried,\n// it either passes or fails\n.then(function ($div) {\n  expect($div, 'text content').to.have.text('Introduction');\n});",
                  "err": {},
                  "uuid": "1c5c7823-ebd5-4984-b239-a21600332087",
                  "parentUUID": "236e26e3-7bac-4938-b91d-50dbb473ab5b",
                  "isHook": false,
                  "skipped": false
                },
                {
                  "title": "can throw any error",
                  "fullTitle": "Assertions Explicit Assertions can throw any error",
                  "timedOut": null,
                  "duration": 230,
                  "state": "passed",
                  "speed": "fast",
                  "pass": true,
                  "fail": false,
                  "pending": false,
                  "context": null,
                  "code": "cy.get('.docs-header').find('div').should(function ($div) {\n  if ($div.length !== 1) {\n    // you can throw your own errors\n    throw new Error('Did not find 1 element');\n  }\n  var className = $div[0].className;\n  if (!className.match(/heading-/)) {\n    throw new Error(\"Could not find class \\\"heading-\\\" in \".concat(className));\n  }\n});",
                  "err": {},
                  "uuid": "b5e8b778-a870-4bfb-817b-c9ff7afc76bc",
                  "parentUUID": "236e26e3-7bac-4938-b91d-50dbb473ab5b",
                  "isHook": false,
                  "skipped": false
                },
                {
                  "title": "matches unknown text between two elements",
                  "fullTitle": "Assertions Explicit Assertions matches unknown text between two elements",
                  "timedOut": null,
                  "duration": 208,
                  "state": "passed",
                  "speed": "fast",
                  "pass": true,
                  "fail": false,
                  "pending": false,
                  "context": null,
                  "code": "/**\n * Text from the first element.\n * @type {string}\n*/\nvar text;\n/**\n * Normalizes passed text,\n * useful before comparing text with spaces and different capitalization.\n * @param {string} s Text to normalize\n*/\nvar normalizeText = function normalizeText(s) {\n  return s.replace(/\\s/g, '').toLowerCase();\n};\ncy.get('.two-elements').find('.first').then(function ($first) {\n  // save text from the first element\n  text = normalizeText($first.text());\n});\ncy.get('.two-elements').find('.second').should(function ($div) {\n  // we can massage text before comparing\n  var secondText = normalizeText($div.text());\n  expect(secondText, 'second text').to.equal(text);\n});",
                  "err": {},
                  "uuid": "6458ef94-1f1b-4669-8f8b-949a6542ec85",
                  "parentUUID": "236e26e3-7bac-4938-b91d-50dbb473ab5b",
                  "isHook": false,
                  "skipped": false
                },
                {
                  "title": "assert - assert shape of an object",
                  "fullTitle": "Assertions Explicit Assertions assert - assert shape of an object",
                  "timedOut": null,
                  "duration": 277,
                  "state": "passed",
                  "speed": "fast",
                  "pass": true,
                  "fail": false,
                  "pending": false,
                  "context": null,
                  "code": "var person = {\n  name: 'Joe',\n  age: 20\n};\nassert.isObject(person, 'value is object');",
                  "err": {},
                  "uuid": "85e2a442-29c1-4b2b-bf56-7a01b72ac46e",
                  "parentUUID": "236e26e3-7bac-4938-b91d-50dbb473ab5b",
                  "isHook": false,
                  "skipped": false
                },
                {
                  "title": "retries the should callback until assertions pass",
                  "fullTitle": "Assertions Explicit Assertions retries the should callback until assertions pass",
                  "timedOut": null,
                  "duration": 1767,
                  "state": "passed",
                  "speed": "fast",
                  "pass": true,
                  "fail": false,
                  "pending": false,
                  "context": null,
                  "code": "cy.get('#random-number').should(function ($div) {\n  var n = parseFloat($div.text());\n  expect(n).to.be.gte(1).and.be.lte(10);\n});",
                  "err": {},
                  "uuid": "94c1ee8c-d94d-4190-94e5-5bfd7141a53b",
                  "parentUUID": "236e26e3-7bac-4938-b91d-50dbb473ab5b",
                  "isHook": false,
                  "skipped": false
                }
              ],
              "suites": [],
              "passes": [
                "3feb737d-08ff-4a9f-b600-4f0447740208",
                "6c091d10-8453-4b3e-931b-42eeaf5edc7f",
                "1c5c7823-ebd5-4984-b239-a21600332087",
                "b5e8b778-a870-4bfb-817b-c9ff7afc76bc",
                "6458ef94-1f1b-4669-8f8b-949a6542ec85",
                "85e2a442-29c1-4b2b-bf56-7a01b72ac46e",
                "94c1ee8c-d94d-4190-94e5-5bfd7141a53b"
              ],
              "failures": [],
              "pending": [],
              "skipped": [],
              "duration": 3173,
              "root": false,
              "rootEmpty": false,
              "_timeout": 2000
            }
          ],
          "passes": [],
          "failures": [],
          "pending": [],
          "skipped": [],
          "duration": 0,
          "root": false,
          "rootEmpty": false,
          "_timeout": 2000
        }
      ],
      "passes": [],
      "failures": [],
      "pending": [],
      "skipped": [],
      "duration": 0,
      "root": true,
      "rootEmpty": true,
      "_timeout": 2000
    },
    {
      "uuid": "8b103323-d97b-4a03-b884-daa782f054fb",
      "title": "",
      "fullFile": "cypress/e2e/2-advanced-examples/connectors.cy.js",
      "file": "cypress/e2e/2-advanced-examples/connectors.cy.js",
      "beforeHooks": [],
      "afterHooks": [],
      "tests": [],
      "suites": [
        {
          "uuid": "c2919aa0-4737-45b4-acf2-621d911bdd8e",
          "title": "Connectors",
          "fullFile": "",
          "file": "",
          "beforeHooks": [],
          "afterHooks": [],
          "tests": [
            {
              "title": ".each() - iterate over an array of elements",
              "fullTitle": "Connectors .each() - iterate over an array of elements",
              "timedOut": null,
              "duration": 662,
              "state": "passed",
              "speed": "fast",
              "pass": true,
              "fail": false,
              "pending": false,
              "context": null,
              "code": "// https://on.cypress.io/each\ncy.get('.connectors-each-ul>li').each(function ($el, index, $list) {\n  console.log($el, index, $list);\n});",
              "err": {},
              "uuid": "5e1cad49-fe80-4722-9b17-63b17343c443",
              "parentUUID": "c2919aa0-4737-45b4-acf2-621d911bdd8e",
              "isHook": false,
              "skipped": false
            },
            {
              "title": ".its() - get properties on the current subject",
              "fullTitle": "Connectors .its() - get properties on the current subject",
              "timedOut": null,
              "duration": 212,
              "state": "passed",
              "speed": "fast",
              "pass": true,
              "fail": false,
              "pending": false,
              "context": null,
              "code": "// https://on.cypress.io/its\ncy.get('.connectors-its-ul>li')\n// calls the 'length' property yielding that value\n.its('length').should('be.gt', 2);",
              "err": {},
              "uuid": "bcbe45a5-8b73-4469-a3a9-a6fbc62a1a15",
              "parentUUID": "c2919aa0-4737-45b4-acf2-621d911bdd8e",
              "isHook": false,
              "skipped": false
            },
            {
              "title": ".invoke() - invoke a function on the current subject",
              "fullTitle": "Connectors .invoke() - invoke a function on the current subject",
              "timedOut": null,
              "duration": 225,
              "state": "passed",
              "speed": "fast",
              "pass": true,
              "fail": false,
              "pending": false,
              "context": null,
              "code": "// our div is hidden in our script.js\n// $('.connectors-div').hide()\n// https://on.cypress.io/invoke\ncy.get('.connectors-div').should('be.hidden')\n// call the jquery method 'show' on the 'div.container'\n.invoke('show').should('be.visible');",
              "err": {},
              "uuid": "7046d1ea-9ee2-4bc9-b26b-e7ddcdc59035",
              "parentUUID": "c2919aa0-4737-45b4-acf2-621d911bdd8e",
              "isHook": false,
              "skipped": false
            },
            {
              "title": ".spread() - spread an array as individual args to callback function",
              "fullTitle": "Connectors .spread() - spread an array as individual args to callback function",
              "timedOut": null,
              "duration": 231,
              "state": "passed",
              "speed": "fast",
              "pass": true,
              "fail": false,
              "pending": false,
              "context": null,
              "code": "// https://on.cypress.io/spread\nvar arr = ['foo', 'bar', 'baz'];\ncy.wrap(arr).spread(function (foo, bar, baz) {\n  expect(foo).to.eq('foo');\n  expect(bar).to.eq('bar');\n  expect(baz).to.eq('baz');\n});",
              "err": {},
              "uuid": "217b576f-a4c1-4245-99f4-7d78d1d4a81d",
              "parentUUID": "c2919aa0-4737-45b4-acf2-621d911bdd8e",
              "isHook": false,
              "skipped": false
            }
          ],
          "suites": [
            {
              "uuid": "742107f3-27b8-48f9-a7d7-331bd4d14081",
              "title": ".then()",
              "fullFile": "",
              "file": "",
              "beforeHooks": [],
              "afterHooks": [],
              "tests": [
                {
                  "title": "invokes a callback function with the current subject",
                  "fullTitle": "Connectors .then() invokes a callback function with the current subject",
                  "timedOut": null,
                  "duration": 330,
                  "state": "passed",
                  "speed": "fast",
                  "pass": true,
                  "fail": false,
                  "pending": false,
                  "context": null,
                  "code": "// https://on.cypress.io/then\ncy.get('.connectors-list > li').then(function ($lis) {\n  expect($lis, '3 items').to.have.length(3);\n  expect($lis.eq(0), 'first item').to.contain('Walk the dog');\n  expect($lis.eq(1), 'second item').to.contain('Feed the cat');\n  expect($lis.eq(2), 'third item').to.contain('Write JavaScript');\n});",
                  "err": {},
                  "uuid": "bf6006c3-34b2-49d9-88c9-f89122885077",
                  "parentUUID": "742107f3-27b8-48f9-a7d7-331bd4d14081",
                  "isHook": false,
                  "skipped": false
                },
                {
                  "title": "yields the returned value to the next command",
                  "fullTitle": "Connectors .then() yields the returned value to the next command",
                  "timedOut": null,
                  "duration": 258,
                  "state": "passed",
                  "speed": "fast",
                  "pass": true,
                  "fail": false,
                  "pending": false,
                  "context": null,
                  "code": "cy.wrap(1).then(function (num) {\n  expect(num).to.equal(1);\n  return 2;\n}).then(function (num) {\n  expect(num).to.equal(2);\n});",
                  "err": {},
                  "uuid": "08daa590-2cfe-4b36-a935-af9c3256243f",
                  "parentUUID": "742107f3-27b8-48f9-a7d7-331bd4d14081",
                  "isHook": false,
                  "skipped": false
                },
                {
                  "title": "yields the original subject without return",
                  "fullTitle": "Connectors .then() yields the original subject without return",
                  "timedOut": null,
                  "duration": 197,
                  "state": "passed",
                  "speed": "fast",
                  "pass": true,
                  "fail": false,
                  "pending": false,
                  "context": null,
                  "code": "cy.wrap(1).then(function (num) {\n  expect(num).to.equal(1);\n  // note that nothing is returned from this callback\n}).then(function (num) {\n  // this callback receives the original unchanged value 1\n  expect(num).to.equal(1);\n});",
                  "err": {},
                  "uuid": "eb1f8473-91fc-414a-96a9-092c31124817",
                  "parentUUID": "742107f3-27b8-48f9-a7d7-331bd4d14081",
                  "isHook": false,
                  "skipped": false
                },
                {
                  "title": "yields the value yielded by the last Cypress command inside",
                  "fullTitle": "Connectors .then() yields the value yielded by the last Cypress command inside",
                  "timedOut": null,
                  "duration": 269,
                  "state": "passed",
                  "speed": "fast",
                  "pass": true,
                  "fail": false,
                  "pending": false,
                  "context": null,
                  "code": "cy.wrap(1).then(function (num) {\n  expect(num).to.equal(1);\n  // note how we run a Cypress command\n  // the result yielded by this Cypress command\n  // will be passed to the second \".then\"\n  cy.wrap(2);\n}).then(function (num) {\n  // this callback receives the value yielded by \"cy.wrap(2)\"\n  expect(num).to.equal(2);\n});",
                  "err": {},
                  "uuid": "978c8ab9-fba0-429f-a9f5-a3ec9a807944",
                  "parentUUID": "742107f3-27b8-48f9-a7d7-331bd4d14081",
                  "isHook": false,
                  "skipped": false
                }
              ],
              "suites": [],
              "passes": [
                "bf6006c3-34b2-49d9-88c9-f89122885077",
                "08daa590-2cfe-4b36-a935-af9c3256243f",
                "eb1f8473-91fc-414a-96a9-092c31124817",
                "978c8ab9-fba0-429f-a9f5-a3ec9a807944"
              ],
              "failures": [],
              "pending": [],
              "skipped": [],
              "duration": 1054,
              "root": false,
              "rootEmpty": false,
              "_timeout": 2000
            }
          ],
          "passes": [
            "5e1cad49-fe80-4722-9b17-63b17343c443",
            "bcbe45a5-8b73-4469-a3a9-a6fbc62a1a15",
            "7046d1ea-9ee2-4bc9-b26b-e7ddcdc59035",
            "217b576f-a4c1-4245-99f4-7d78d1d4a81d"
          ],
          "failures": [],
          "pending": [],
          "skipped": [],
          "duration": 1330,
          "root": false,
          "rootEmpty": false,
          "_timeout": 2000
        }
      ],
      "passes": [],
      "failures": [],
      "pending": [],
      "skipped": [],
      "duration": 0,
      "root": true,
      "rootEmpty": true,
      "_timeout": 2000
    },
    {
      "uuid": "1f1b0df2-0f45-49f0-86fb-8ddd869ad628",
      "title": "",
      "fullFile": "cypress/e2e/2-advanced-examples/cookies.cy.js",
      "file": "cypress/e2e/2-advanced-examples/cookies.cy.js",
      "beforeHooks": [],
      "afterHooks": [],
      "tests": [],
      "suites": [
        {
          "uuid": "26e64589-780f-4bea-bdfb-710e230a48bb",
          "title": "Cookies",
          "fullFile": "",
          "file": "",
          "beforeHooks": [],
          "afterHooks": [],
          "tests": [
            {
              "title": "cy.getCookie() - get a browser cookie",
              "fullTitle": "Cookies cy.getCookie() - get a browser cookie",
              "timedOut": null,
              "duration": 859,
              "state": "passed",
              "speed": "fast",
              "pass": true,
              "fail": false,
              "pending": false,
              "context": null,
              "code": "// https://on.cypress.io/getcookie\ncy.get('#getCookie .set-a-cookie').click();\n// cy.getCookie() yields a cookie object\ncy.getCookie('token').should('have.property', 'value', '123ABC');",
              "err": {},
              "uuid": "0a8fcb5b-b8d9-4ac6-a8f8-9c599a582a8b",
              "parentUUID": "26e64589-780f-4bea-bdfb-710e230a48bb",
              "isHook": false,
              "skipped": false
            },
            {
              "title": "cy.getCookies() - get browser cookies",
              "fullTitle": "Cookies cy.getCookies() - get browser cookies",
              "timedOut": null,
              "duration": 338,
              "state": "passed",
              "speed": "fast",
              "pass": true,
              "fail": false,
              "pending": false,
              "context": null,
              "code": "// https://on.cypress.io/getcookies\ncy.getCookies().should('be.empty');\ncy.get('#getCookies .set-a-cookie').click();\n// cy.getCookies() yields an array of cookies\ncy.getCookies().should('have.length', 1).should(function (cookies) {\n  // each cookie has these properties\n  expect(cookies[0]).to.have.property('name', 'token');\n  expect(cookies[0]).to.have.property('value', '123ABC');\n  expect(cookies[0]).to.have.property('httpOnly', false);\n  expect(cookies[0]).to.have.property('secure', false);\n  expect(cookies[0]).to.have.property('domain');\n  expect(cookies[0]).to.have.property('path');\n});",
              "err": {},
              "uuid": "0fd4c29f-c31a-4bb2-8d8e-92db38eefac1",
              "parentUUID": "26e64589-780f-4bea-bdfb-710e230a48bb",
              "isHook": false,
              "skipped": false
            },
            {
              "title": "cy.setCookie() - set a browser cookie",
              "fullTitle": "Cookies cy.setCookie() - set a browser cookie",
              "timedOut": null,
              "duration": 244,
              "state": "passed",
              "speed": "fast",
              "pass": true,
              "fail": false,
              "pending": false,
              "context": null,
              "code": "// https://on.cypress.io/setcookie\ncy.getCookies().should('be.empty');\ncy.setCookie('foo', 'bar');\n// cy.getCookie() yields a cookie object\ncy.getCookie('foo').should('have.property', 'value', 'bar');",
              "err": {},
              "uuid": "9cbf563b-34e1-43d5-84c1-cb4513e020a8",
              "parentUUID": "26e64589-780f-4bea-bdfb-710e230a48bb",
              "isHook": false,
              "skipped": false
            },
            {
              "title": "cy.clearCookie() - clear a browser cookie",
              "fullTitle": "Cookies cy.clearCookie() - clear a browser cookie",
              "timedOut": null,
              "duration": 302,
              "state": "passed",
              "speed": "fast",
              "pass": true,
              "fail": false,
              "pending": false,
              "context": null,
              "code": "// https://on.cypress.io/clearcookie\ncy.getCookie('token').should('be.null');\ncy.get('#clearCookie .set-a-cookie').click();\ncy.getCookie('token').should('have.property', 'value', '123ABC');\n// cy.clearCookies() yields null\ncy.clearCookie('token').should('be.null');\ncy.getCookie('token').should('be.null');",
              "err": {},
              "uuid": "3d0984e1-41ac-4786-8d31-f7b71bc97218",
              "parentUUID": "26e64589-780f-4bea-bdfb-710e230a48bb",
              "isHook": false,
              "skipped": false
            },
            {
              "title": "cy.clearCookies() - clear browser cookies",
              "fullTitle": "Cookies cy.clearCookies() - clear browser cookies",
              "timedOut": null,
              "duration": 321,
              "state": "passed",
              "speed": "fast",
              "pass": true,
              "fail": false,
              "pending": false,
              "context": null,
              "code": "// https://on.cypress.io/clearcookies\ncy.getCookies().should('be.empty');\ncy.get('#clearCookies .set-a-cookie').click();\ncy.getCookies().should('have.length', 1);\n// cy.clearCookies() yields null\ncy.clearCookies();\ncy.getCookies().should('be.empty');",
              "err": {},
              "uuid": "a58cd00b-6100-475c-a048-fd0c4fd9ff1b",
              "parentUUID": "26e64589-780f-4bea-bdfb-710e230a48bb",
              "isHook": false,
              "skipped": false
            }
          ],
          "suites": [],
          "passes": [
            "0a8fcb5b-b8d9-4ac6-a8f8-9c599a582a8b",
            "0fd4c29f-c31a-4bb2-8d8e-92db38eefac1",
            "9cbf563b-34e1-43d5-84c1-cb4513e020a8",
            "3d0984e1-41ac-4786-8d31-f7b71bc97218",
            "a58cd00b-6100-475c-a048-fd0c4fd9ff1b"
          ],
          "failures": [],
          "pending": [],
          "skipped": [],
          "duration": 2064,
          "root": false,
          "rootEmpty": false,
          "_timeout": 2000
        }
      ],
      "passes": [],
      "failures": [],
      "pending": [],
      "skipped": [],
      "duration": 0,
      "root": true,
      "rootEmpty": true,
      "_timeout": 2000
    },
    {
      "uuid": "a3f25670-b123-4928-abe8-fa8fd2ac8a0a",
      "title": "",
      "fullFile": "cypress/e2e/2-advanced-examples/cypress_api.cy.js",
      "file": "cypress/e2e/2-advanced-examples/cypress_api.cy.js",
      "beforeHooks": [],
      "afterHooks": [],
      "tests": [],
      "suites": [
        {
          "uuid": "2c2bca92-7f8e-4cae-bcbd-6dd11f66bb8b",
          "title": "Cypress.Commands",
          "fullFile": "",
          "file": "",
          "beforeHooks": [],
          "afterHooks": [],
          "tests": [
            {
              "title": ".add() - create a custom command",
              "fullTitle": "Cypress.Commands .add() - create a custom command",
              "timedOut": null,
              "duration": 684,
              "state": "passed",
              "speed": "fast",
              "pass": true,
              "fail": false,
              "pending": false,
              "context": null,
              "code": "Cypress.Commands.add('console', {\n  prevSubject: true\n}, function (subject, method) {\n  // the previous subject is automatically received\n  // and the commands arguments are shifted\n  // allow us to change the console method used\n  method = method || 'log';\n  // log the subject to the console\n  console[method]('The subject is', subject);\n  // whatever we return becomes the new subject\n  // we don't want to change the subject so\n  // we return whatever was passed in\n  return subject;\n});\ncy.get('button').console('info').then(function ($button) {\n  // subject is still $button\n});",
              "err": {},
              "uuid": "96db371d-7bd3-4ab7-8058-0c55e5944b21",
              "parentUUID": "2c2bca92-7f8e-4cae-bcbd-6dd11f66bb8b",
              "isHook": false,
              "skipped": false
            }
          ],
          "suites": [],
          "passes": [
            "96db371d-7bd3-4ab7-8058-0c55e5944b21"
          ],
          "failures": [],
          "pending": [],
          "skipped": [],
          "duration": 684,
          "root": false,
          "rootEmpty": false,
          "_timeout": 2000
        },
        {
          "uuid": "52350011-b5a1-4ab9-9762-87aa97e98529",
          "title": "Cypress.Cookies",
          "fullFile": "",
          "file": "",
          "beforeHooks": [],
          "afterHooks": [],
          "tests": [
            {
              "title": ".debug() - enable or disable debugging",
              "fullTitle": "Cypress.Cookies .debug() - enable or disable debugging",
              "timedOut": null,
              "duration": 248,
              "state": "passed",
              "speed": "fast",
              "pass": true,
              "fail": false,
              "pending": false,
              "context": null,
              "code": "Cypress.Cookies.debug(true);\n// Cypress will now log in the console when\n// cookies are set or cleared\ncy.setCookie('fakeCookie', '123ABC');\ncy.clearCookie('fakeCookie');\ncy.setCookie('fakeCookie', '123ABC');\ncy.clearCookie('fakeCookie');\ncy.setCookie('fakeCookie', '123ABC');",
              "err": {},
              "uuid": "7c9e3924-0ada-498c-a78b-495a3ff2559f",
              "parentUUID": "52350011-b5a1-4ab9-9762-87aa97e98529",
              "isHook": false,
              "skipped": false
            }
          ],
          "suites": [],
          "passes": [
            "7c9e3924-0ada-498c-a78b-495a3ff2559f"
          ],
          "failures": [],
          "pending": [],
          "skipped": [],
          "duration": 248,
          "root": false,
          "rootEmpty": false,
          "_timeout": 2000
        },
        {
          "uuid": "95c91690-d59b-4029-90fb-0f2b5c102c95",
          "title": "Cypress.arch",
          "fullFile": "",
          "file": "",
          "beforeHooks": [],
          "afterHooks": [],
          "tests": [
            {
              "title": "Get CPU architecture name of underlying OS",
              "fullTitle": "Cypress.arch Get CPU architecture name of underlying OS",
              "timedOut": null,
              "duration": 223,
              "state": "passed",
              "speed": "fast",
              "pass": true,
              "fail": false,
              "pending": false,
              "context": null,
              "code": "// https://on.cypress.io/arch\nexpect(Cypress.arch).to.exist;",
              "err": {},
              "uuid": "26b2bcdd-3d4a-49cf-9233-d36537479beb",
              "parentUUID": "95c91690-d59b-4029-90fb-0f2b5c102c95",
              "isHook": false,
              "skipped": false
            }
          ],
          "suites": [],
          "passes": [
            "26b2bcdd-3d4a-49cf-9233-d36537479beb"
          ],
          "failures": [],
          "pending": [],
          "skipped": [],
          "duration": 223,
          "root": false,
          "rootEmpty": false,
          "_timeout": 2000
        },
        {
          "uuid": "3df1f7cb-5801-41f6-9c96-d1813da8790b",
          "title": "Cypress.config()",
          "fullFile": "",
          "file": "",
          "beforeHooks": [],
          "afterHooks": [],
          "tests": [
            {
              "title": "Get and set configuration options",
              "fullTitle": "Cypress.config() Get and set configuration options",
              "timedOut": null,
              "duration": 559,
              "state": "failed",
              "speed": null,
              "pass": false,
              "fail": true,
              "pending": false,
              "context": null,
              "code": "// https://on.cypress.io/config\nvar myConfig = Cypress.config();\nexpect(myConfig).to.have.property('animationDistanceThreshold', 5);\nexpect(myConfig).to.have.property('baseUrl', null);\nexpect(myConfig).to.have.property('defaultCommandTimeout', 4000);\nexpect(myConfig).to.have.property('requestTimeout', 5000);\nexpect(myConfig).to.have.property('responseTimeout', 30000);\nexpect(myConfig).to.have.property('viewportHeight', 660);\nexpect(myConfig).to.have.property('viewportWidth', 1000);\nexpect(myConfig).to.have.property('pageLoadTimeout', 60000);\nexpect(myConfig).to.have.property('waitForAnimations', true);\nexpect(Cypress.config('pageLoadTimeout')).to.eq(60000);\n// this will change the config for the rest of your tests!\nCypress.config('pageLoadTimeout', 20000);\nexpect(Cypress.config('pageLoadTimeout')).to.eq(20000);\nCypress.config('pageLoadTimeout', 60000);",
              "err": {
                "message": "AssertionError: expected { Object (projectId, setupNodeEvents, ...) } to have property 'baseUrl' of null, but got 'http://www.webdriveruniversity.com'",
                "estack": "AssertionError: expected { Object (projectId, setupNodeEvents, ...) } to have property 'baseUrl' of null, but got 'http://www.webdriveruniversity.com'\n    at Context.eval (cypress/e2e/2-advanced-examples/cypress_api.cy.js:75:29)",
                "diff": null
              },
              "uuid": "64a04765-f8c0-4d49-af09-76c087759927",
              "parentUUID": "3df1f7cb-5801-41f6-9c96-d1813da8790b",
              "isHook": false,
              "skipped": false
            }
          ],
          "suites": [],
          "passes": [],
          "failures": [
            "64a04765-f8c0-4d49-af09-76c087759927"
          ],
          "pending": [],
          "skipped": [],
          "duration": 559,
          "root": false,
          "rootEmpty": false,
          "_timeout": 2000
        },
        {
          "uuid": "d35b0422-368d-47b6-9f4c-88ff9ca03981",
          "title": "Cypress.dom",
          "fullFile": "",
          "file": "",
          "beforeHooks": [],
          "afterHooks": [],
          "tests": [
            {
              "title": ".isHidden() - determine if a DOM element is hidden",
              "fullTitle": "Cypress.dom .isHidden() - determine if a DOM element is hidden",
              "timedOut": null,
              "duration": 228,
              "state": "passed",
              "speed": "fast",
              "pass": true,
              "fail": false,
              "pending": false,
              "context": null,
              "code": "var hiddenP = Cypress.$('.dom-p p.hidden').get(0);\nvar visibleP = Cypress.$('.dom-p p.visible').get(0);\n// our first paragraph has css class 'hidden'\nexpect(Cypress.dom.isHidden(hiddenP)).to.be[\"true\"];\nexpect(Cypress.dom.isHidden(visibleP)).to.be[\"false\"];",
              "err": {},
              "uuid": "c1c75b40-2a0f-4c32-a654-540dfdb65f56",
              "parentUUID": "d35b0422-368d-47b6-9f4c-88ff9ca03981",
              "isHook": false,
              "skipped": false
            }
          ],
          "suites": [],
          "passes": [
            "c1c75b40-2a0f-4c32-a654-540dfdb65f56"
          ],
          "failures": [],
          "pending": [],
          "skipped": [],
          "duration": 228,
          "root": false,
          "rootEmpty": false,
          "_timeout": 2000
        },
        {
          "uuid": "cf5e6bba-7164-49c3-aff1-262d1580013c",
          "title": "Cypress.env()",
          "fullFile": "",
          "file": "",
          "beforeHooks": [],
          "afterHooks": [],
          "tests": [
            {
              "title": "Get environment variables",
              "fullTitle": "Cypress.env() Get environment variables",
              "timedOut": null,
              "duration": 249,
              "state": "passed",
              "speed": "fast",
              "pass": true,
              "fail": false,
              "pending": false,
              "context": null,
              "code": "// https://on.cypress.io/env\n// set multiple environment variables\nCypress.env({\n  host: 'veronica.dev.local',\n  api_server: 'http://localhost:8888/v1/'\n});\n// get environment variable\nexpect(Cypress.env('host')).to.eq('veronica.dev.local');\n// set environment variable\nCypress.env('api_server', 'http://localhost:8888/v2/');\nexpect(Cypress.env('api_server')).to.eq('http://localhost:8888/v2/');\n// get all environment variable\nexpect(Cypress.env()).to.have.property('host', 'veronica.dev.local');\nexpect(Cypress.env()).to.have.property('api_server', 'http://localhost:8888/v2/');",
              "err": {},
              "uuid": "52447128-8977-4302-884a-29e693f81295",
              "parentUUID": "cf5e6bba-7164-49c3-aff1-262d1580013c",
              "isHook": false,
              "skipped": false
            }
          ],
          "suites": [],
          "passes": [
            "52447128-8977-4302-884a-29e693f81295"
          ],
          "failures": [],
          "pending": [],
          "skipped": [],
          "duration": 249,
          "root": false,
          "rootEmpty": false,
          "_timeout": 2000
        },
        {
          "uuid": "d27c6b27-97cf-4751-ac98-ce9aa8775e13",
          "title": "Cypress.log",
          "fullFile": "",
          "file": "",
          "beforeHooks": [],
          "afterHooks": [],
          "tests": [
            {
              "title": "Control what is printed to the Command Log",
              "fullTitle": "Cypress.log Control what is printed to the Command Log",
              "timedOut": null,
              "duration": 169,
              "state": "passed",
              "speed": "fast",
              "pass": true,
              "fail": false,
              "pending": false,
              "context": null,
              "code": "// https://on.cypress.io/cypress-log",
              "err": {},
              "uuid": "764575d7-0e1f-4c38-b7f8-9be268e91dc4",
              "parentUUID": "d27c6b27-97cf-4751-ac98-ce9aa8775e13",
              "isHook": false,
              "skipped": false
            }
          ],
          "suites": [],
          "passes": [
            "764575d7-0e1f-4c38-b7f8-9be268e91dc4"
          ],
          "failures": [],
          "pending": [],
          "skipped": [],
          "duration": 169,
          "root": false,
          "rootEmpty": false,
          "_timeout": 2000
        },
        {
          "uuid": "baf5aa59-749f-4334-9768-2ac76b9ea2e7",
          "title": "Cypress.platform",
          "fullFile": "",
          "file": "",
          "beforeHooks": [],
          "afterHooks": [],
          "tests": [
            {
              "title": "Get underlying OS name",
              "fullTitle": "Cypress.platform Get underlying OS name",
              "timedOut": null,
              "duration": 201,
              "state": "passed",
              "speed": "fast",
              "pass": true,
              "fail": false,
              "pending": false,
              "context": null,
              "code": "// https://on.cypress.io/platform\nexpect(Cypress.platform).to.be.exist;",
              "err": {},
              "uuid": "7d585891-d27f-4ffd-9dc0-fd31bfab24b7",
              "parentUUID": "baf5aa59-749f-4334-9768-2ac76b9ea2e7",
              "isHook": false,
              "skipped": false
            }
          ],
          "suites": [],
          "passes": [
            "7d585891-d27f-4ffd-9dc0-fd31bfab24b7"
          ],
          "failures": [],
          "pending": [],
          "skipped": [],
          "duration": 201,
          "root": false,
          "rootEmpty": false,
          "_timeout": 2000
        },
        {
          "uuid": "a0acd5f7-cefa-4b4c-ae6b-400adccfe128",
          "title": "Cypress.version",
          "fullFile": "",
          "file": "",
          "beforeHooks": [],
          "afterHooks": [],
          "tests": [
            {
              "title": "Get current version of Cypress being run",
              "fullTitle": "Cypress.version Get current version of Cypress being run",
              "timedOut": null,
              "duration": 209,
              "state": "passed",
              "speed": "fast",
              "pass": true,
              "fail": false,
              "pending": false,
              "context": null,
              "code": "// https://on.cypress.io/version\nexpect(Cypress.version).to.be.exist;",
              "err": {},
              "uuid": "ee1f373e-275e-4668-96a2-3545c5fc6963",
              "parentUUID": "a0acd5f7-cefa-4b4c-ae6b-400adccfe128",
              "isHook": false,
              "skipped": false
            }
          ],
          "suites": [],
          "passes": [
            "ee1f373e-275e-4668-96a2-3545c5fc6963"
          ],
          "failures": [],
          "pending": [],
          "skipped": [],
          "duration": 209,
          "root": false,
          "rootEmpty": false,
          "_timeout": 2000
        },
        {
          "uuid": "a8a97ab1-82be-45ac-9b3b-88704097954a",
          "title": "Cypress.spec",
          "fullFile": "",
          "file": "",
          "beforeHooks": [],
          "afterHooks": [],
          "tests": [
            {
              "title": "Get current spec information",
              "fullTitle": "Cypress.spec Get current spec information",
              "timedOut": null,
              "duration": 209,
              "state": "passed",
              "speed": "fast",
              "pass": true,
              "fail": false,
              "pending": false,
              "context": null,
              "code": "// https://on.cypress.io/spec\n// wrap the object so we can inspect it easily by clicking in the command log\ncy.wrap(Cypress.spec).should('include.keys', ['name', 'relative', 'absolute']);",
              "err": {},
              "uuid": "c25f2053-cd95-46dd-adca-6456a78a95e5",
              "parentUUID": "a8a97ab1-82be-45ac-9b3b-88704097954a",
              "isHook": false,
              "skipped": false
            }
          ],
          "suites": [],
          "passes": [
            "c25f2053-cd95-46dd-adca-6456a78a95e5"
          ],
          "failures": [],
          "pending": [],
          "skipped": [],
          "duration": 209,
          "root": false,
          "rootEmpty": false,
          "_timeout": 2000
        }
      ],
      "passes": [],
      "failures": [],
      "pending": [],
      "skipped": [],
      "duration": 0,
      "root": true,
      "rootEmpty": true,
      "_timeout": 2000
    },
    {
      "uuid": "fba90dc7-ffb4-4618-89c7-e46fc076abe6",
      "title": "",
      "fullFile": "cypress/e2e/2-advanced-examples/files.cy.js",
      "file": "cypress/e2e/2-advanced-examples/files.cy.js",
      "beforeHooks": [],
      "afterHooks": [],
      "tests": [],
      "suites": [
        {
          "uuid": "5f986c81-911b-4c4c-8b2a-40305955f57d",
          "title": "Files",
          "fullFile": "",
          "file": "",
          "beforeHooks": [],
          "afterHooks": [],
          "tests": [
            {
              "title": "cy.fixture() - load a fixture",
              "fullTitle": "Files cy.fixture() - load a fixture",
              "timedOut": null,
              "duration": 834,
              "state": "passed",
              "speed": "fast",
              "pass": true,
              "fail": false,
              "pending": false,
              "context": null,
[...]
          "title": "Window",
          "fullFile": "",
          "file": "",
          "beforeHooks": [],
          "afterHooks": [],
          "tests": [
            {
              "title": "cy.window() - get the global window object",
              "fullTitle": "Window cy.window() - get the global window object",
              "timedOut": null,
              "duration": 755,
              "state": "passed",
              "speed": "fast",
              "pass": true,
              "fail": false,
              "pending": false,
              "context": null,
              "code": "// https://on.cypress.io/window\ncy.window().should('have.property', 'top');",
              "err": {},
              "uuid": "f4a6673d-dde0-4752-9221-a54843022f7f",
              "parentUUID": "b89b7ea5-a2af-461e-947a-f3f444f89c41",
              "isHook": false,
              "skipped": false
            },
            {
              "title": "cy.document() - get the document object",
              "fullTitle": "Window cy.document() - get the document object",
              "timedOut": null,
              "duration": 443,
              "state": "passed",
              "speed": "fast",
              "pass": true,
              "fail": false,
              "pending": false,
              "context": null,
              "code": "// https://on.cypress.io/document\ncy.document().should('have.property', 'charset').and('eq', 'UTF-8');",
              "err": {},
              "uuid": "416971e3-4b5c-4cb3-b6fb-2c4f62313f05",
              "parentUUID": "b89b7ea5-a2af-461e-947a-f3f444f89c41",
              "isHook": false,
              "skipped": false
            },
            {
              "title": "cy.title() - get the title",
              "fullTitle": "Window cy.title() - get the title",
              "timedOut": null,
              "duration": 405,
              "state": "passed",
              "speed": "fast",
              "pass": true,
              "fail": false,
              "pending": false,
              "context": null,
              "code": "// https://on.cypress.io/title\ncy.title().should('include', 'Kitchen Sink');",
              "err": {},
              "uuid": "20c41d3b-67c2-4181-981d-14ab020c3a09",
              "parentUUID": "b89b7ea5-a2af-461e-947a-f3f444f89c41",
              "isHook": false,
              "skipped": false
            }
          ],
          "suites": [],
          "passes": [
            "f4a6673d-dde0-4752-9221-a54843022f7f",
            "416971e3-4b5c-4cb3-b6fb-2c4f62313f05",
            "20c41d3b-67c2-4181-981d-14ab020c3a09"
          ],
          "failures": [],
          "pending": [],
          "skipped": [],
          "duration": 1603,
          "root": false,
          "rootEmpty": false,
          "_timeout": 2000
        }
      ],
      "passes": [],
      "failures": [],
      "pending": [],
      "skipped": [],
      "duration": 0,
      "root": true,
      "rootEmpty": true,
      "_timeout": 2000
    },
    {
      "uuid": "e581c2d4-85e9-4011-b6d7-6e15fcf695ba",
      "title": "",
      "fullFile": "cypress/e2e/api-xhr/json-example.js",
      "file": "cypress/e2e/api-xhr/json-example.js",
      "beforeHooks": [],
      "afterHooks": [],
      "tests": [],
      "suites": [
        {
          "uuid": "f789a366-99f8-4291-918a-be18bc55050a",
          "title": "JSON object",
          "fullFile": "",
          "file": "",
          "beforeHooks": [],
          "afterHooks": [],
          "tests": [
            {
              "title": "JSON Object examples",
              "fullTitle": "JSON object JSON Object examples",
              "timedOut": null,
              "duration": 141,
              "state": "passed",
              "speed": "fast",
              "pass": true,
              "fail": false,
              "pending": false,
              "context": null,
              "code": "var exampleObject = {\n  \"name\": \"Tim\",\n  \"lastname\": \"Cook\"\n};\nvar exampleArray = [\"Sophie\", \"Rose\", \"Steve\"];\nvar users = {\n  \"firstName\": \"Aaron\",\n  \"lastName\": \"Smith\",\n  \"age\": 25,\n  \"Students\": [{\n    \"firstName\": \"Sophie\",\n    \"lastName\": \"Rose\"\n  }, {\n    \"firstName\": \"Steve\",\n    \"lastName\": \"Smith\"\n  }, {\n    \"firstName\": \"John\",\n    \"lastName\": \"Doe\"\n  }]\n};\ncy.log(exampleObject.name); // Tim\ncy.log(exampleObject.lastname); // Cook\ncy.log(exampleObject[\"name\"]); // Tim\ncy.log(exampleArray[0]); // Sophie\ncy.log(exampleArray[1]); // Rose\ncy.log(users.Students[2].lastName); // Doe\ncy.log(users.Students[1].firstName); // Steve",
              "err": {},
              "uuid": "345837f7-a29c-4b23-bd97-b4f52d8a3c26",
              "parentUUID": "f789a366-99f8-4291-918a-be18bc55050a",
              "isHook": false,
              "skipped": false
            }
          ],
          "suites": [],
          "passes": [
            "345837f7-a29c-4b23-bd97-b4f52d8a3c26"
          ],
          "failures": [],
          "pending": [],
          "skipped": [],
          "duration": 141,
          "root": false,
          "rootEmpty": false,
          "_timeout": 2000
        }
      ],
      "passes": [],
      "failures": [],
      "pending": [],
      "skipped": [],
      "duration": 0,
      "root": true,
      "rootEmpty": true,
      "_timeout": 2000
    },
    {
      "uuid": "ee802c36-519a-43fa-92ce-0294a1d7a9b5",
      "title": "",
      "fullFile": "cypress/e2e/automation-test-store/contact-us.js",
      "file": "cypress/e2e/automation-test-store/contact-us.js",
      "beforeHooks": [],
      "afterHooks": [],
      "tests": [],
      "suites": [
        {
          "uuid": "e85c40ac-3cb7-4bcf-be58-d351ce043aaa",
          "title": "Test Contact Us form via automation test store",
          "fullFile": "",
          "file": "",
          "beforeHooks": [],
          "afterHooks": [],
          "tests": [
            {
              "title": "Should be able to submit a successful submission via contact us form",
              "fullTitle": "Test Contact Us form via automation test store Should be able to submit a successful submission via contact us form",
              "timedOut": null,
              "duration": 7953,
              "state": "passed",
              "speed": "medium",
              "pass": true,
              "fail": false,
              "pending": false,
              "context": null,
              "code": "cy.visit('https://automationteststore.com/');\ncy.get(\"a[href$=contact]\").click();\ncy.get('input[name=\"first_name\"]').type('Jon');\ncy.get('#ContactUsFrm_email').type('hola@gmail.com');\ncy.get('#ContactUsFrm_email').should('have.attr', 'name', 'email').and('have.value', 'hola@gmail.com');\ncy.xpath(\"//textarea[@id='ContactUsFrm_enquiry']\").type('Hola, me gustaría saber más sobre sus productos');\n// cy.contains('button', 'Submit').click()\ncy.get(\"button[title=Submit\").click();\ncy.get('.mb40 > :nth-child(3)').should('have.text', 'Your enquiry has been successfully sent to the store owner!');",
              "err": {},
              "uuid": "3777dee5-8a8b-49a4-afb4-048cb7d409aa",
              "parentUUID": "e85c40ac-3cb7-4bcf-be58-d351ce043aaa",
              "isHook": false,
              "skipped": false
            }
          ],
          "suites": [],
          "passes": [
            "3777dee5-8a8b-49a4-afb4-048cb7d409aa"
          ],
          "failures": [],
          "pending": [],
          "skipped": [],
          "duration": 7953,
          "root": false,
          "rootEmpty": false,
          "_timeout": 2000
        }
      ],
      "passes": [],
      "failures": [],
      "pending": [],
      "skipped": [],
      "duration": 0,
      "root": true,
      "rootEmpty": true,
      "_timeout": 2000
    },
    {
      "uuid": "2e753a76-a42e-48c9-9bf0-5f5377666c92",
      "title": "",
      "fullFile": "cypress/e2e/webdriver-uni/contact-us.js",
      "file": "cypress/e2e/webdriver-uni/contact-us.js",
      "beforeHooks": [],
      "afterHooks": [],
      "tests": [],
      "suites": [
        {
          "uuid": "475b9443-a050-48f0-a95e-38a921038291",
          "title": "Contact us feature tests",
          "fullFile": "",
          "file": "",
          "beforeHooks": [],
          "afterHooks": [],
          "tests": [
            {
              "title": "Should be able to submit a successful submission via contact us form",
              "fullTitle": "Contact us feature tests Should be able to submit a successful submission via contact us form",
              "timedOut": null,
              "duration": 4460,
              "state": "passed",
              "speed": "fast",
              "pass": true,
              "fail": false,
              "pending": false,
              "context": null,
              "code": "// ? Referencing windows\ncy.document().should('have.property', 'charset').and('eq', 'UTF-8'); // * active document: HTML\ncy.title().should('include', 'WebDriver | Contact Us'); // * HTML title prop\ncy.url().should('include', 'contactus'); // * HTML url prop\ncy.get('input[name=\"first_name\"]').type('Jon');\ncy.get('input[name=\"last_name\"]').type('Snow');\ncy.get('input[name=\"email\"]').type('jonsnow@got.com');\ncy.get('textarea[name=\"message\"]').type('Winter is coming');\ncy.get('input[type=\"submit\"]').click();\ncy.get('h1').should('have.text', 'Thank You for your Message!');\n// cy.get('h1').contains('Thank You for your Message!')",
              "err": {},
              "uuid": "5c7c7fd2-c4cb-44ee-b3d0-24f0535858e4",
              "parentUUID": "475b9443-a050-48f0-a95e-38a921038291",
              "isHook": false,
              "skipped": false
            }
          ],
          "suites": [],
          "passes": [
            "5c7c7fd2-c4cb-44ee-b3d0-24f0535858e4"
          ],
          "failures": [],
          "pending": [],
          "skipped": [],
          "duration": 4460,
          "root": false,
          "rootEmpty": false,
          "_timeout": 2000
        }
      ],
      "passes": [],
      "failures": [],
      "pending": [],
      "skipped": [],
      "duration": 0,
      "root": true,
      "rootEmpty": true,
      "_timeout": 2000
    },
    {
      "uuid": "bc085b5f-2d13-486f-962e-8e74b9831363",
      "title": "",
      "fullFile": "cypress/e2e/webdriver-uni/selectors.js",
      "file": "cypress/e2e/webdriver-uni/selectors.js",
      "beforeHooks": [],
      "afterHooks": [],
      "tests": [],
      "suites": [
        {
          "uuid": "f501eaa2-bb7d-42f6-ac49-d5211e3aab84",
          "title": "selectors",
          "fullFile": "",
          "file": "",
          "beforeHooks": [],
          "afterHooks": [],
          "tests": [
            {
              "title": "should select elements",
              "fullTitle": "selectors should select elements",
              "timedOut": null,
              "duration": 11578,
              "state": "failed",
              "speed": null,
              "pass": false,
              "fail": true,
              "pending": false,
              "context": null,
              "code": "//By tag name\ncy.get(\"input\");\n//By attribute name and value\ncy.get(\"input[name='first_name']\");\n//By id\ncy.get(\"#contact_me\");\n//By class\ncy.get(\".feedback-input\");\n//By multiple classes\ncy.get(\"[class='navbar navbar-inverse navbar-fixed-top']\");\n//By two different attributes\ncy.get(\"[name='email'][placeholder='Email Address']\");\n//By xpath\ncy.xpath(\"//input[@name='first_name']\");\n// cy.contains('button', 'Submit').click()\ncy.get(\"button[title=Submit\").click();",
              "err": {
                "message": "AssertionError: Timed out retrying after 10000ms: Expected to find element: `button[title=Submit`, but never found it.",
                "estack": "AssertionError: Timed out retrying after 10000ms: Expected to find element: `button[title=Submit`, but never found it.\n    at Context.eval (cypress/e2e/webdriver-uni/selectors.js:30:7)",
                "diff": null
              },
              "uuid": "bb2ad963-dca1-4de6-884f-4707ab653021",
              "parentUUID": "f501eaa2-bb7d-42f6-ac49-d5211e3aab84",
              "isHook": false,
              "skipped": false
            }
          ],
          "suites": [],
          "passes": [],
          "failures": [
            "bb2ad963-dca1-4de6-884f-4707ab653021"
          ],
          "pending": [],
          "skipped": [],
          "duration": 11578,
          "root": false,
          "rootEmpty": false,
          "_timeout": 2000
        }
      ],
      "passes": [],
      "failures": [],
      "pending": [],
      "skipped": [],
      "duration": 0,
      "root": true,
      "rootEmpty": true,
      "_timeout": 2000
    },
    {
      "uuid": "084919ae-8c42-4682-a160-799b045bd917",
      "title": "",
      "fullFile": "cypress/e2e/webdriver-uni/features/login.feature",
      "file": "cypress/e2e/webdriver-uni/features/login.feature",
      "beforeHooks": [],
      "afterHooks": [],
      "tests": [],
      "suites": [
        {
          "uuid": "a31caf88-3cef-482e-a22a-2a2f610644e8",
          "title": "WebdriverUniversity Login Page",
          "fullFile": "",
          "file": "",
          "beforeHooks": [],
          "afterHooks": [],
          "tests": [
            {
              "title": "Login using valid credentials",
              "fullTitle": "WebdriverUniversity Login Page Login using valid credentials",
              "timedOut": null,
              "duration": 2541,
              "state": "passed",
              "speed": "fast",
              "pass": true,
              "fail": false,
              "pending": false,
              "context": null,
              "code": "const state = window.testState;\nreturn cy\n  .then(() => state.onStartScenario(scenario, indexedSteps))\n  .then(() =>\n    resolveAndRunBeforeHooks.call(this, scenario.tags, state.feature.name)\n  )\n  .then(() =>\n    indexedSteps.forEach((step) =>\n      stepTest.call(this, state, step, rowData)\n    )\n  )\n  .then(() => state.onFinishScenario(scenario));",
              "err": {},
              "uuid": "78343c6b-85e3-429a-ac88-5c51300a1894",
              "parentUUID": "a31caf88-3cef-482e-a22a-2a2f610644e8",
              "isHook": false,
              "skipped": false
            },
            {
              "title": "Login using invalid credentials",
              "fullTitle": "WebdriverUniversity Login Page Login using invalid credentials",
              "timedOut": null,
              "duration": 1339,
              "state": "passed",
              "speed": "fast",
              "pass": true,
              "fail": false,
              "pending": false,
              "context": null,
              "code": "const state = window.testState;\nreturn cy\n  .then(() => state.onStartScenario(scenario, indexedSteps))\n  .then(() =>\n    resolveAndRunBeforeHooks.call(this, scenario.tags, state.feature.name)\n  )\n  .then(() =>\n    indexedSteps.forEach((step) =>\n      stepTest.call(this, state, step, rowData)\n    )\n  )\n  .then(() => state.onFinishScenario(scenario));",
              "err": {},
              "uuid": "4fe43158-1fa5-4149-9583-bdda7c91d2ad",
              "parentUUID": "a31caf88-3cef-482e-a22a-2a2f610644e8",
              "isHook": false,
              "skipped": false
            },
            {
              "title": "Test Login via WebdriverUniversity Login Portal (example #1)",
              "fullTitle": "WebdriverUniversity Login Page Test Login via WebdriverUniversity Login Portal (example #1)",
              "timedOut": null,
              "duration": 1449,
              "state": "passed",
              "speed": "fast",
              "pass": true,
              "fail": false,
              "pending": false,
              "context": null,
              "code": "const state = window.testState;\nreturn cy\n  .then(() => state.onStartScenario(scenario, indexedSteps))\n  .then(() =>\n    resolveAndRunBeforeHooks.call(this, scenario.tags, state.feature.name)\n  )\n  .then(() =>\n    indexedSteps.forEach((step) =>\n      stepTest.call(this, state, step, rowData)\n    )\n  )\n  .then(() => state.onFinishScenario(scenario));",
              "err": {},
              "uuid": "94e57bb7-fe32-4eb3-bdce-b287e6122ab6",
              "parentUUID": "a31caf88-3cef-482e-a22a-2a2f610644e8",
              "isHook": false,
              "skipped": false
            },
            {
              "title": "Test Login via WebdriverUniversity Login Portal (example #2)",
              "fullTitle": "WebdriverUniversity Login Page Test Login via WebdriverUniversity Login Portal (example #2)",
              "timedOut": null,
              "duration": 1329,
              "state": "passed",
              "speed": "fast",
              "pass": true,
              "fail": false,
              "pending": false,
              "context": null,
              "code": "const state = window.testState;\nreturn cy\n  .then(() => state.onStartScenario(scenario, indexedSteps))\n  .then(() =>\n    resolveAndRunBeforeHooks.call(this, scenario.tags, state.feature.name)\n  )\n  .then(() =>\n    indexedSteps.forEach((step) =>\n      stepTest.call(this, state, step, rowData)\n    )\n  )\n  .then(() => state.onFinishScenario(scenario));",
              "err": {},
              "uuid": "275b24d8-b8c5-4a80-b053-341a306773ce",
              "parentUUID": "a31caf88-3cef-482e-a22a-2a2f610644e8",
              "isHook": false,
              "skipped": false
            },
            {
              "title": "Test Login via WebdriverUniversity Login Portal (example #3)",
              "fullTitle": "WebdriverUniversity Login Page Test Login via WebdriverUniversity Login Portal (example #3)",
              "timedOut": null,
              "duration": 1301,
              "state": "passed",
              "speed": "fast",
              "pass": true,
              "fail": false,
              "pending": false,
              "context": null,
              "code": "const state = window.testState;\nreturn cy\n  .then(() => state.onStartScenario(scenario, indexedSteps))\n  .then(() =>\n    resolveAndRunBeforeHooks.call(this, scenario.tags, state.feature.name)\n  )\n  .then(() =>\n    indexedSteps.forEach((step) =>\n      stepTest.call(this, state, step, rowData)\n    )\n  )\n  .then(() => state.onFinishScenario(scenario));",
              "err": {},
              "uuid": "508e9f3c-2093-4fdc-9fae-a43c4d029ea9",
              "parentUUID": "a31caf88-3cef-482e-a22a-2a2f610644e8",
              "isHook": false,
              "skipped": false
            }
          ],
          "suites": [],
          "passes": [
            "78343c6b-85e3-429a-ac88-5c51300a1894",
            "4fe43158-1fa5-4149-9583-bdda7c91d2ad",
            "94e57bb7-fe32-4eb3-bdce-b287e6122ab6",
            "275b24d8-b8c5-4a80-b053-341a306773ce",
            "508e9f3c-2093-4fdc-9fae-a43c4d029ea9"
          ],
          "failures": [],
          "pending": [],
          "skipped": [],
          "duration": 7959,
          "root": false,
          "rootEmpty": false,
          "_timeout": 2000
        }
      ],
      "passes": [],
      "failures": [],
      "pending": [],
      "skipped": [],
      "duration": 0,
      "root": true,
      "rootEmpty": true,
      "_timeout": 2000
    }
  ],
  "meta": {
    "mocha": {
      "version": "7.0.1"
    },
    "mochawesome": {
      "options": {
        "quiet": false,
        "reportFilename": "mochawesome",
        "saveHtml": false,
        "saveJson": true,
        "consoleReporter": "spec",
        "useInlineDiffs": false,
        "code": true
      },
      "version": "7.1.3"
    },
    "marge": {
      "options": {
        "id": "default",
        "reportDir": "cypress/results/mochawesome",
        "quite": true,
        "overwrite": false,
        "html": false,
        "json": true
      },
      "version": "6.2.0"
    }
  }
}